\BOOKMARK [0][]{chapter*.6}{Abbildungsverzeichnis}{}% 1
\BOOKMARK [0][]{chapter*.7}{Tabellenverzeichnis}{}% 2
\BOOKMARK [0][]{chapter*.8}{Listingverzeichnis}{}% 3
\BOOKMARK [0][]{chapter*.9}{Formelverzeichnis}{}% 4
\BOOKMARK [0][]{chapter*.10}{Abk\374rzungsverzeichnis}{}% 5
\BOOKMARK [0][]{chapter.11}{Einleitung}{}% 6
\BOOKMARK [1][]{section.12}{Ziele des Projektes und aktueller Stand}{chapter.11}% 7
\BOOKMARK [0][]{chapter.13}{Theoretische Grundlagen}{}% 8
\BOOKMARK [0][]{chapter.14}{Systemdesign}{}% 9
\BOOKMARK [1][]{section.15}{Systemanforderungen und funktionale Systemarchitektur}{chapter.14}% 10
\BOOKMARK [1][]{section.16}{L\366sungsansatz}{chapter.14}% 11
\BOOKMARK [1][]{section.20}{statische Systemarchitektur}{chapter.14}% 12
\BOOKMARK [1][]{section.21}{dynamische Systemarchitektur}{chapter.14}% 13
\BOOKMARK [0][]{chapter.22}{Systemtest und Optimierung}{}% 14
\BOOKMARK [0][]{chapter.23}{Zusammenfassung und Ausblicke}{}% 15
\BOOKMARK [0][]{chapter*.24}{Literaturverzeichnis}{}% 16
\BOOKMARK [0][]{appendix.25}{Anhang Code}{}% 17
\BOOKMARK [1][]{section.26}{C-Code}{appendix.25}% 18
\BOOKMARK [0][]{appendix.27}{Anhang Bilder}{}% 19
\BOOKMARK [1][]{section.28}{Bilder}{appendix.27}% 20
