This is pdfTeX, Version 3.1415926-2.5-1.40.14 (MiKTeX 2.9) (preloaded format=pdflatex 2015.5.1)  5 JUL 2015 12:31
entering extended mode
**C:/Users/Robert*Ledwig/Dropbox/1.*Ma*Semester/SE-Projekt/LaTeX/Inhalt.tex
("C:/Users/Robert Ledwig/Dropbox/1. Ma Semester/SE-Projekt/LaTeX/Inhalt.tex"
LaTeX2e <2011/06/27>
Babel <v3.8m> and hyphenation patterns for english, afrikaans, ancientgreek, ar
abic, armenian, assamese, basque, bengali, bokmal, bulgarian, catalan, coptic, 
croatian, czech, danish, dutch, esperanto, estonian, farsi, finnish, french, ga
lician, german, german-x-2013-05-26, greek, gujarati, hindi, hungarian, iceland
ic, indonesian, interlingua, irish, italian, kannada, kurmanji, latin, latvian,
 lithuanian, malayalam, marathi, mongolian, mongolianlmc, monogreek, ngerman, n
german-x-2013-05-26, nynorsk, oriya, panjabi, pinyin, polish, portuguese, roman
ian, russian, sanskrit, serbian, slovak, slovenian, spanish, swedish, swissgerm
an, tamil, telugu, turkish, turkmen, ukenglish, ukrainian, uppersorbian, usengl
ishmax, welsh, loaded.
\@input{Inhalt/Einleitung.aux}

("C:\Users\Robert Ledwig\Dropbox\1. Ma Semester\SE-Projekt\LaTeX\Inhalt/Einleit
ung.tex"
! Undefined control sequence.
l.1 \chapter
            {Einleitung}
? 
! Emergency stop.
l.1 \chapter
            {Einleitung}
End of file on the terminal!

 
Here is how much of TeX's memory you used:
 12 strings out of 493921
 526 string characters out of 3144853
 49031 words of memory out of 3000000
 3400 multiletter control sequences out of 15000+200000
 3640 words of font info for 14 fonts, out of 3000000 for 9000
 841 hyphenation exceptions out of 8191
 9i,0n,5p,150b,12s stack positions out of 5000i,500n,10000p,200000b,50000s
!  ==> Fatal error occurred, no output PDF file produced!
